<?xml version="1.0" encoding="UTF-8"?>
<testng-results ignored="0" total="1" passed="1" failed="0" skipped="0">
  <reporter-output>
  </reporter-output>
  <suite started-at="2019-06-22T16:10:42Z" name="Default suite" finished-at="2019-06-22T16:11:05Z" duration-ms="23699">
    <groups>
    </groups>
    <test started-at="2019-06-22T16:10:42Z" name="Default test" finished-at="2019-06-22T16:11:05Z" duration-ms="23699">
      <class name="TestCases.RegressionTest.Flipcart">
        <test-method signature="performOperation()[pri:0, instance:TestCases.RegressionTest.Flipcart@385e9564]" started-at="2019-06-22T16:10:42Z" name="performOperation" finished-at="2019-06-22T16:11:05Z" duration-ms="23670" status="PASS">
          <reporter-output>
          </reporter-output>
        </test-method> <!-- performOperation -->
      </class> <!-- TestCases.RegressionTest.Flipcart -->
    </test> <!-- Default test -->
  </suite> <!-- Default suite -->
</testng-results>
